<?xml version="1.0" encoding="UTF-8"?>
<!-- Generated by org.testng.reporters.JUnitXMLReporter -->
<testsuite ignored="0" hostname="LAPTOP-TDGH2G12" failures="0" tests="6" name="Default test" time="127.134" errors="0" timestamp="2024-08-16T15:45:24 IST">
  <testcase classname="com.themesshopify.qa.testcases.DemoPageTests" name="OpenURL" time="8.526"/>
  <testcase classname="com.themesshopify.qa.testcases.DemoPageTests" name="OpenURL" time="13.12"/>
  <testcase classname="com.themesshopify.qa.testcases.DemoPageTests" name="OpenURL" time="9.868"/>
  <testcase classname="com.themesshopify.qa.testcases.DemoPageTests" name="OpenURL" time="7.852"/>
  <testcase classname="com.themesshopify.qa.testcases.DemoPageTests" name="OpenURL" time="6.852"/>
  <testcase classname="com.themesshopify.qa.testcases.DemoPageTests" name="OpenURL" time="5.842"/>
</testsuite> <!-- Default test -->
