<?xml version="1.0" encoding="UTF-8"?>
<testng-results ignored="0" total="6" passed="6" failed="0" skipped="0">
  <reporter-output>
  </reporter-output>
  <suite started-at="2024-08-16T15:43:17 IST" name="Default suite" finished-at="2024-08-16T15:45:24 IST" duration-ms="127134">
    <groups>
    </groups>
    <test started-at="2024-08-16T15:43:17 IST" name="Default test" finished-at="2024-08-16T15:45:24 IST" duration-ms="127134">
      <class name="com.themesshopify.qa.testcases.DemoPageTests">
        <test-method is-config="true" signature="setUp()[pri:0, instance:com.themesshopify.qa.testcases.DemoPageTests@32ee6fee]" started-at="2024-08-16T15:43:17 IST" name="setUp" finished-at="2024-08-16T15:43:30 IST" duration-ms="12707" status="PASS">
          <reporter-output>
          </reporter-output>
        </test-method> <!-- setUp -->
        <test-method signature="OpenURL(java.lang.String)[pri:0, instance:com.themesshopify.qa.testcases.DemoPageTests@32ee6fee]" started-at="2024-08-16T15:43:30 IST" name="OpenURL" data-provider="themes" finished-at="2024-08-16T15:43:38 IST" duration-ms="8526" status="PASS">
          <params>
            <param index="0">
              <value>
                <![CDATA[Baseline]]>
              </value>
            </param>
          </params>
          <reporter-output>
          </reporter-output>
        </test-method> <!-- OpenURL -->
        <test-method is-config="true" signature="tearDowwn()[pri:0, instance:com.themesshopify.qa.testcases.DemoPageTests@32ee6fee]" started-at="2024-08-16T15:43:38 IST" name="tearDowwn" finished-at="2024-08-16T15:43:39 IST" duration-ms="664" status="PASS">
          <reporter-output>
          </reporter-output>
        </test-method> <!-- tearDowwn -->
        <test-method is-config="true" signature="setUp()[pri:0, instance:com.themesshopify.qa.testcases.DemoPageTests@32ee6fee]" started-at="2024-08-16T15:43:39 IST" name="setUp" finished-at="2024-08-16T15:43:51 IST" duration-ms="11752" status="PASS">
          <reporter-output>
          </reporter-output>
        </test-method> <!-- setUp -->
        <test-method signature="OpenURL(java.lang.String)[pri:0, instance:com.themesshopify.qa.testcases.DemoPageTests@32ee6fee]" started-at="2024-08-16T15:43:51 IST" name="OpenURL" data-provider="themes" finished-at="2024-08-16T15:44:04 IST" duration-ms="13120" status="PASS">
          <params>
            <param index="0">
              <value>
                <![CDATA[Symmetry]]>
              </value>
            </param>
          </params>
          <reporter-output>
          </reporter-output>
        </test-method> <!-- OpenURL -->
        <test-method is-config="true" signature="tearDowwn()[pri:0, instance:com.themesshopify.qa.testcases.DemoPageTests@32ee6fee]" started-at="2024-08-16T15:44:04 IST" name="tearDowwn" finished-at="2024-08-16T15:44:05 IST" duration-ms="967" status="PASS">
          <reporter-output>
          </reporter-output>
        </test-method> <!-- tearDowwn -->
        <test-method is-config="true" signature="setUp()[pri:0, instance:com.themesshopify.qa.testcases.DemoPageTests@32ee6fee]" started-at="2024-08-16T15:44:05 IST" name="setUp" finished-at="2024-08-16T15:44:15 IST" duration-ms="9899" status="PASS">
          <reporter-output>
          </reporter-output>
        </test-method> <!-- setUp -->
        <test-method signature="OpenURL(java.lang.String)[pri:0, instance:com.themesshopify.qa.testcases.DemoPageTests@32ee6fee]" started-at="2024-08-16T15:44:15 IST" name="OpenURL" data-provider="themes" finished-at="2024-08-16T15:44:25 IST" duration-ms="9868" status="PASS">
          <params>
            <param index="0">
              <value>
                <![CDATA[Release]]>
              </value>
            </param>
          </params>
          <reporter-output>
          </reporter-output>
        </test-method> <!-- OpenURL -->
        <test-method is-config="true" signature="tearDowwn()[pri:0, instance:com.themesshopify.qa.testcases.DemoPageTests@32ee6fee]" started-at="2024-08-16T15:44:25 IST" name="tearDowwn" finished-at="2024-08-16T15:44:25 IST" duration-ms="435" status="PASS">
          <reporter-output>
          </reporter-output>
        </test-method> <!-- tearDowwn -->
        <test-method is-config="true" signature="setUp()[pri:0, instance:com.themesshopify.qa.testcases.DemoPageTests@32ee6fee]" started-at="2024-08-16T15:44:25 IST" name="setUp" finished-at="2024-08-16T15:44:34 IST" duration-ms="9317" status="PASS">
          <reporter-output>
          </reporter-output>
        </test-method> <!-- setUp -->
        <test-method signature="OpenURL(java.lang.String)[pri:0, instance:com.themesshopify.qa.testcases.DemoPageTests@32ee6fee]" started-at="2024-08-16T15:44:34 IST" name="OpenURL" data-provider="themes" finished-at="2024-08-16T15:44:42 IST" duration-ms="7852" status="PASS">
          <params>
            <param index="0">
              <value>
                <![CDATA[Motion]]>
              </value>
            </param>
          </params>
          <reporter-output>
          </reporter-output>
        </test-method> <!-- OpenURL -->
        <test-method is-config="true" signature="tearDowwn()[pri:0, instance:com.themesshopify.qa.testcases.DemoPageTests@32ee6fee]" started-at="2024-08-16T15:44:42 IST" name="tearDowwn" finished-at="2024-08-16T15:44:43 IST" duration-ms="458" status="PASS">
          <reporter-output>
          </reporter-output>
        </test-method> <!-- tearDowwn -->
        <test-method is-config="true" signature="setUp()[pri:0, instance:com.themesshopify.qa.testcases.DemoPageTests@32ee6fee]" started-at="2024-08-16T15:44:43 IST" name="setUp" finished-at="2024-08-16T15:44:52 IST" duration-ms="9370" status="PASS">
          <reporter-output>
          </reporter-output>
        </test-method> <!-- setUp -->
        <test-method signature="OpenURL(java.lang.String)[pri:0, instance:com.themesshopify.qa.testcases.DemoPageTests@32ee6fee]" started-at="2024-08-16T15:44:52 IST" name="OpenURL" data-provider="themes" finished-at="2024-08-16T15:44:59 IST" duration-ms="6852" status="PASS">
          <params>
            <param index="0">
              <value>
                <![CDATA[Prestige]]>
              </value>
            </param>
          </params>
          <reporter-output>
          </reporter-output>
        </test-method> <!-- OpenURL -->
        <test-method is-config="true" signature="tearDowwn()[pri:0, instance:com.themesshopify.qa.testcases.DemoPageTests@32ee6fee]" started-at="2024-08-16T15:44:59 IST" name="tearDowwn" finished-at="2024-08-16T15:44:59 IST" duration-ms="438" status="PASS">
          <reporter-output>
          </reporter-output>
        </test-method> <!-- tearDowwn -->
        <test-method is-config="true" signature="setUp()[pri:0, instance:com.themesshopify.qa.testcases.DemoPageTests@32ee6fee]" started-at="2024-08-16T15:44:59 IST" name="setUp" finished-at="2024-08-16T15:45:17 IST" duration-ms="18109" status="PASS">
          <reporter-output>
          </reporter-output>
        </test-method> <!-- setUp -->
        <test-method signature="OpenURL(java.lang.String)[pri:0, instance:com.themesshopify.qa.testcases.DemoPageTests@32ee6fee]" started-at="2024-08-16T15:45:17 IST" name="OpenURL" data-provider="themes" finished-at="2024-08-16T15:45:23 IST" duration-ms="5842" status="PASS">
          <params>
            <param index="0">
              <value>
                <![CDATA[Dawn]]>
              </value>
            </param>
          </params>
          <reporter-output>
          </reporter-output>
        </test-method> <!-- OpenURL -->
        <test-method is-config="true" signature="tearDowwn()[pri:0, instance:com.themesshopify.qa.testcases.DemoPageTests@32ee6fee]" started-at="2024-08-16T15:45:23 IST" name="tearDowwn" finished-at="2024-08-16T15:45:24 IST" duration-ms="850" status="PASS">
          <reporter-output>
          </reporter-output>
        </test-method> <!-- tearDowwn -->
        <test-method is-config="true" signature="close()[pri:0, instance:com.themesshopify.qa.testcases.DemoPageTests@32ee6fee]" started-at="2024-08-16T15:45:24 IST" name="close" finished-at="2024-08-16T15:45:24 IST" duration-ms="3" status="PASS">
          <reporter-output>
          </reporter-output>
        </test-method> <!-- close -->
      </class> <!-- com.themesshopify.qa.testcases.DemoPageTests -->
    </test> <!-- Default test -->
  </suite> <!-- Default suite -->
</testng-results>
